Post Processor Report
OrCAD FILE: D:\DESIGN\ITS-HW\CONTROL BOX\!__PCB\VER2008\FRONT\FRONT8.MAX
Tue Mar 04 19:56:18 2008

*********************************************************

Output file: D:\DESIGN\ITS-HW\CONTROL BOX\!__PCB\VER2008\FRONT\FRONT8.TOP

Aperture totals for D:\DESIGN\ITS-HW\CONTROL BOX\!__PCB\VER2008\FRONT\FRONT8.TOP:
---------------------------------------------------------
D10:  0.0708 ROUND  --       0 Draws,      18 Flashes
D11:  0.1160 ROUND  --       0 Draws,       2 Flashes
D12:  0.0620 ROUND  --       0 Draws,      36 Flashes
D13:  0.0620 SQUARE --       0 Draws,       4 Flashes
D14:  0.1000 ROUND  --       0 Draws,       2 Flashes
D15:  0.1000 SQUARE --       0 Draws,       2 Flashes
D16:  0.3543 ROUND  --       0 Draws,       4 Flashes
D17:  0.1614 ROUND  --       0 Draws,       9 Flashes
D18:  0.1299 ROUND  --       0 Draws,      21 Flashes
D19:  0.0397 ROUND  --      18 Draws,       0 Flashes
D20:  0.0394 ROUND  --      60 Draws,       0 Flashes
D21:  0.0472 ROUND  --       0 Draws,       6 Flashes
D22:  0.0300 ROUND  --       0 Draws,       7 Flashes
D23:  0.0198 ROUND  --      18 Draws,       0 Flashes
D24:  0.0794 ROUND  --       6 Draws,       0 Flashes
---------------------------------------------------------
 15 D-Codes      -----     102 Draws,     111 Flashes

*********************************************************

Output file: D:\DESIGN\ITS-HW\CONTROL BOX\!__PCB\VER2008\FRONT\FRONT8.BOT

Aperture totals for D:\DESIGN\ITS-HW\CONTROL BOX\!__PCB\VER2008\FRONT\FRONT8.BOT:
---------------------------------------------------------
D19:  0.0397 ROUND  --      16 Draws,       0 Flashes
D20:  0.0394 ROUND  --      81 Draws,       0 Flashes
D21:  0.0472 ROUND  --       0 Draws,       6 Flashes
D22:  0.0300 ROUND  --       0 Draws,       7 Flashes
D23:  0.0198 ROUND  --      44 Draws,       0 Flashes
D24:  0.0794 ROUND  --      49 Draws,       0 Flashes
D25:  0.0708 ROUND  --       0 Draws,      18 Flashes
D26:  0.1160 ROUND  --       0 Draws,       2 Flashes
D27:  0.0620 ROUND  --       0 Draws,      36 Flashes
D28:  0.0620 SQUARE --       0 Draws,       4 Flashes
D29:  0.1000 ROUND  --       0 Draws,       2 Flashes
D30:  0.1000 SQUARE --       0 Draws,       2 Flashes
D31:  0.3543 ROUND  --       0 Draws,       4 Flashes
D32:  0.1614 ROUND  --       0 Draws,       9 Flashes
D33:  0.0600 SQUARE --       0 Draws,      20 Flashes
D34:  0.1299 ROUND  --       0 Draws,      21 Flashes
D35:  0.0787 ROUND  --       3 Draws,       0 Flashes
D36:  0.0100 ROUND  --     287 Draws,       0 Flashes
---------------------------------------------------------
 18 D-Codes      -----     480 Draws,     131 Flashes

*********************************************************

Output file: D:\DESIGN\ITS-HW\CONTROL BOX\!__PCB\VER2008\FRONT\FRONT8.SMT

Aperture totals for D:\DESIGN\ITS-HW\CONTROL BOX\!__PCB\VER2008\FRONT\FRONT8.SMT:
---------------------------------------------------------
D25:  0.0708 ROUND  --       0 Draws,      18 Flashes
D26:  0.1160 ROUND  --       0 Draws,       2 Flashes
D27:  0.0620 ROUND  --       0 Draws,      36 Flashes
D28:  0.0620 SQUARE --       0 Draws,       4 Flashes
D29:  0.1000 ROUND  --       0 Draws,       2 Flashes
D30:  0.1000 SQUARE --       0 Draws,       2 Flashes
D31:  0.3543 ROUND  --       0 Draws,       4 Flashes
D32:  0.1614 ROUND  --       0 Draws,       9 Flashes
D34:  0.1299 ROUND  --       0 Draws,      21 Flashes
D37:  0.0551 ROUND  --       0 Draws,       6 Flashes
D38:  0.0350 ROUND  --       0 Draws,       7 Flashes
---------------------------------------------------------
 11 D-Codes      -----       0 Draws,     111 Flashes

*********************************************************

Output file: D:\DESIGN\ITS-HW\CONTROL BOX\!__PCB\VER2008\FRONT\FRONT8.SMB

Aperture totals for D:\DESIGN\ITS-HW\CONTROL BOX\!__PCB\VER2008\FRONT\FRONT8.SMB:
---------------------------------------------------------
D25:  0.0708 ROUND  --       0 Draws,      18 Flashes
D26:  0.1160 ROUND  --       0 Draws,       2 Flashes
D27:  0.0620 ROUND  --       0 Draws,      36 Flashes
D28:  0.0620 SQUARE --       0 Draws,       4 Flashes
D29:  0.1000 ROUND  --       0 Draws,       2 Flashes
D30:  0.1000 SQUARE --       0 Draws,       2 Flashes
D31:  0.3543 ROUND  --       0 Draws,       4 Flashes
D32:  0.1614 ROUND  --       0 Draws,       9 Flashes
D33:  0.0600 SQUARE --       0 Draws,      20 Flashes
D34:  0.1299 ROUND  --       0 Draws,      21 Flashes
D37:  0.0551 ROUND  --       0 Draws,       6 Flashes
D38:  0.0350 ROUND  --       0 Draws,       7 Flashes
---------------------------------------------------------
 12 D-Codes      -----       0 Draws,     131 Flashes

*********************************************************

Output file: D:\DESIGN\ITS-HW\CONTROL BOX\!__PCB\VER2008\FRONT\FRONT8.SPT

Aperture totals for D:\DESIGN\ITS-HW\CONTROL BOX\!__PCB\VER2008\FRONT\FRONT8.SPT:
---------------------------------------------------------
No data on this layer
---------------------------------------------------------
  0 D-Codes      -----       0 Draws,       0 Flashes

*********************************************************

Output file: D:\DESIGN\ITS-HW\CONTROL BOX\!__PCB\VER2008\FRONT\FRONT8.SPB

Aperture totals for D:\DESIGN\ITS-HW\CONTROL BOX\!__PCB\VER2008\FRONT\FRONT8.SPB:
---------------------------------------------------------
D33:  0.0600 SQUARE --       0 Draws,      20 Flashes
---------------------------------------------------------
  1 D-Codes      -----       0 Draws,      20 Flashes

*********************************************************

Output file: D:\DESIGN\ITS-HW\CONTROL BOX\!__PCB\VER2008\FRONT\FRONT8.AST

Aperture totals for D:\DESIGN\ITS-HW\CONTROL BOX\!__PCB\VER2008\FRONT\FRONT8.AST:
---------------------------------------------------------
D25:  0.0708 ROUND  --       0 Draws,      18 Flashes
D26:  0.1160 ROUND  --       0 Draws,       2 Flashes
D27:  0.0620 ROUND  --       0 Draws,      36 Flashes
D28:  0.0620 SQUARE --       0 Draws,       4 Flashes
D29:  0.1000 ROUND  --       0 Draws,       2 Flashes
D30:  0.1000 SQUARE --       0 Draws,       2 Flashes
D31:  0.3543 ROUND  --       0 Draws,       4 Flashes
D32:  0.1614 ROUND  --       0 Draws,       9 Flashes
D36:  0.0100 ROUND  --       2 Draws,       0 Flashes
D39:  0.0500 ROUND  --       4 Draws,       0 Flashes
D40:  0.0080 ROUND  --     265 Draws,       1 Flashes
---------------------------------------------------------
 11 D-Codes      -----     271 Draws,      78 Flashes

*********************************************************

Output file: D:\DESIGN\ITS-HW\CONTROL BOX\!__PCB\VER2008\FRONT\FRONT8.ASB

Aperture totals for D:\DESIGN\ITS-HW\CONTROL BOX\!__PCB\VER2008\FRONT\FRONT8.ASB:
---------------------------------------------------------
D25:  0.0708 ROUND  --       0 Draws,      18 Flashes
D26:  0.1160 ROUND  --       0 Draws,       2 Flashes
D27:  0.0620 ROUND  --       0 Draws,      36 Flashes
D28:  0.0620 SQUARE --       0 Draws,       4 Flashes
D29:  0.1000 ROUND  --       0 Draws,       2 Flashes
D30:  0.1000 SQUARE --       0 Draws,       2 Flashes
D31:  0.3543 ROUND  --       0 Draws,       4 Flashes
D32:  0.1614 ROUND  --       0 Draws,       9 Flashes
D33:  0.0600 SQUARE --       0 Draws,      20 Flashes
D36:  0.0100 ROUND  --     539 Draws,       0 Flashes
D39:  0.0500 ROUND  --       4 Draws,       0 Flashes
D40:  0.0080 ROUND  --       6 Draws,       0 Flashes
D41:  0.0060 ROUND  --     360 Draws,       0 Flashes
D42:  0.0098 ROUND  --     279 Draws,       0 Flashes
---------------------------------------------------------
 14 D-Codes      -----    1188 Draws,      97 Flashes

*********************************************************

Output file: D:\DESIGN\ITS-HW\CONTROL BOX\!__PCB\VER2008\FRONT\FRONT8.DRD

Aperture totals for D:\DESIGN\ITS-HW\CONTROL BOX\!__PCB\VER2008\FRONT\FRONT8.DRD:
---------------------------------------------------------
D36:  0.0100 ROUND  --    1225 Draws,       0 Flashes
D39:  0.0500 ROUND  --       4 Draws,       0 Flashes
---------------------------------------------------------
  2 D-Codes      -----    1229 Draws,       0 Flashes


*********************************************************

Aperture totals for entire project:
---------------------------------------------------------
D10:  0.0708 ROUND  --       0 Draws,      18 Flashes
D11:  0.1160 ROUND  --       0 Draws,       2 Flashes
D12:  0.0620 ROUND  --       0 Draws,      36 Flashes
D13:  0.0620 SQUARE --       0 Draws,       4 Flashes
D14:  0.1000 ROUND  --       0 Draws,       2 Flashes
D15:  0.1000 SQUARE --       0 Draws,       2 Flashes
D16:  0.3543 ROUND  --       0 Draws,       4 Flashes
D17:  0.1614 ROUND  --       0 Draws,       9 Flashes
D18:  0.1299 ROUND  --       0 Draws,      21 Flashes
D19:  0.0397 ROUND  --      34 Draws,       0 Flashes
D20:  0.0394 ROUND  --     141 Draws,       0 Flashes
D21:  0.0472 ROUND  --       0 Draws,      12 Flashes
D22:  0.0300 ROUND  --       0 Draws,      14 Flashes
D23:  0.0198 ROUND  --      62 Draws,       0 Flashes
D24:  0.0794 ROUND  --      55 Draws,       0 Flashes
D25:  0.0708 ROUND  --       0 Draws,      90 Flashes
D26:  0.1160 ROUND  --       0 Draws,      10 Flashes
D27:  0.0620 ROUND  --       0 Draws,     180 Flashes
D28:  0.0620 SQUARE --       0 Draws,      20 Flashes
D29:  0.1000 ROUND  --       0 Draws,      10 Flashes
D30:  0.1000 SQUARE --       0 Draws,      10 Flashes
D31:  0.3543 ROUND  --       0 Draws,      20 Flashes
D32:  0.1614 ROUND  --       0 Draws,      45 Flashes
D33:  0.0600 SQUARE --       0 Draws,      80 Flashes
D34:  0.1299 ROUND  --       0 Draws,      63 Flashes
D35:  0.0787 ROUND  --       3 Draws,       0 Flashes
D36:  0.0100 ROUND  --    2053 Draws,       0 Flashes
D37:  0.0551 ROUND  --       0 Draws,      12 Flashes
D38:  0.0350 ROUND  --       0 Draws,      14 Flashes
D39:  0.0500 ROUND  --      12 Draws,       0 Flashes
D40:  0.0080 ROUND  --     271 Draws,       1 Flashes
D41:  0.0060 ROUND  --     360 Draws,       0 Flashes
D42:  0.0098 ROUND  --     279 Draws,       0 Flashes
---------------------------------------------------------
 33 D-Codes      -----    3270 Draws,     679 Flashes


No warnings or errors.
